<?xml version="1.0" encoding="UTF-8"?>
<!-- Generated by org.testng.reporters.JUnitXMLReporter -->
<testsuite hostname="DIN16002999" ignored="1" name="Smoke Testcases" tests="9" failures="0" timestamp="08 May 2018 09:07:51 GMT" time="42.015" errors="0">
  <testcase name="@BeforeTest setUp" time="0.0" classname="calling.Skype.BaseTestClass">
    <failure type="org.openqa.selenium.WebDriverException" message="An unknown server-side error occurred while processing the command. Original error: Cannot read property &amp;apos;toString&amp;apos; of null (WARNING: The server did not provide any stacktrace information)
Command duration or timeout: 40.09 seconds
Build info: version: &amp;apos;3.5.3&amp;apos;, revision: &amp;apos;a88d25fe6b&amp;apos;, time: &amp;apos;2017-08-29T12:42:44.417Z&amp;apos;
System info: host: &amp;apos;DIN16002999&amp;apos;, ip: &amp;apos;10.246.17.148&amp;apos;, os.name: &amp;apos;Windows 7&amp;apos;, os.arch: &amp;apos;amd64&amp;apos;, os.version: &amp;apos;6.1&amp;apos;, java.version: &amp;apos;1.8.0_131&amp;apos;
Driver info: driver.version: AndroidDriver">
      <![CDATA[org.openqa.selenium.WebDriverException: An unknown server-side error occurred while processing the command. Original error: Cannot read property 'toString' of null (WARNING: The server did not provide any stacktrace information)
Command duration or timeout: 40.09 seconds
Build info: version: '3.5.3', revision: 'a88d25fe6b', time: '2017-08-29T12:42:44.417Z'
System info: host: 'DIN16002999', ip: '10.246.17.148', os.name: 'Windows 7', os.arch: 'amd64', os.version: '6.1', java.version: '1.8.0_131'
Driver info: driver.version: AndroidDriver
	at org.openqa.selenium.remote.ErrorHandler.createThrowable(ErrorHandler.java:215)
	at org.openqa.selenium.remote.ErrorHandler.throwIfResponseFailed(ErrorHandler.java:167)
	at org.openqa.selenium.remote.JsonWireProtocolResponse.lambda$new$0(JsonWireProtocolResponse.java:53)
	at org.openqa.selenium.remote.JsonWireProtocolResponse.lambda$getResponseFunction$2(JsonWireProtocolResponse.java:91)
	at org.openqa.selenium.remote.ProtocolHandshake.lambda$createSession$24(ProtocolHandshake.java:359)
	at java.util.stream.ReferencePipeline$3$1.accept(ReferencePipeline.java:193)
	at java.util.Spliterators$ArraySpliterator.tryAdvance(Spliterators.java:958)
	at java.util.stream.ReferencePipeline.forEachWithCancel(ReferencePipeline.java:126)
	at java.util.stream.AbstractPipeline.copyIntoWithCancel(AbstractPipeline.java:498)
	at java.util.stream.AbstractPipeline.copyInto(AbstractPipeline.java:485)
	at java.util.stream.AbstractPipeline.wrapAndCopyInto(AbstractPipeline.java:471)
	at java.util.stream.FindOps$FindOp.evaluateSequential(FindOps.java:152)
	at java.util.stream.AbstractPipeline.evaluate(AbstractPipeline.java:234)
	at java.util.stream.ReferencePipeline.findFirst(ReferencePipeline.java:464)
	at org.openqa.selenium.remote.ProtocolHandshake.createSession(ProtocolHandshake.java:362)
	at org.openqa.selenium.remote.ProtocolHandshake.createSession(ProtocolHandshake.java:136)
	at org.openqa.selenium.remote.HttpCommandExecutor.execute(HttpCommandExecutor.java:142)
	at io.appium.java_client.remote.AppiumCommandExecutor.execute(AppiumCommandExecutor.java:89)
	at org.openqa.selenium.remote.RemoteWebDriver.execute(RemoteWebDriver.java:646)
	at io.appium.java_client.DefaultGenericMobileDriver.execute(DefaultGenericMobileDriver.java:42)
	at io.appium.java_client.AppiumDriver.execute(AppiumDriver.java:1)
	at io.appium.java_client.android.AndroidDriver.execute(AndroidDriver.java:1)
	at org.openqa.selenium.remote.RemoteWebDriver.startSession(RemoteWebDriver.java:255)
	at org.openqa.selenium.remote.RemoteWebDriver.startSession(RemoteWebDriver.java:237)
	at org.openqa.selenium.remote.RemoteWebDriver.<init>(RemoteWebDriver.java:138)
	at io.appium.java_client.DefaultGenericMobileDriver.<init>(DefaultGenericMobileDriver.java:38)
	at io.appium.java_client.AppiumDriver.<init>(AppiumDriver.java:87)
	at io.appium.java_client.AppiumDriver.<init>(AppiumDriver.java:111)
	at io.appium.java_client.android.AndroidDriver.<init>(AndroidDriver.java:72)
	at mobileBaseClasses.MobileController.start(MobileController.java:62)
	at calling.Skype.BaseTestClass.setUp(BaseTestClass.java:25)
... Removed 27 stack frames]]>
    </failure>
  </testcase> <!-- @BeforeTest setUp -->
  <testcase name="tapOnSignIn" time="0.004" classname="calling.Skype.Testcase_Login">
    <skipped/>
  </testcase> <!-- tapOnSignIn -->
  <testcase name="loginSkype" time="0.004" classname="calling.Skype.Testcase_Login">
    <skipped/>
  </testcase> <!-- loginSkype -->
  <testcase name="makingACallThroughDialer" time="0.002" classname="calling.Skype.TestCase_CallingUserWithDialer">
    <skipped/>
  </testcase> <!-- makingACallThroughDialer -->
  <testcase name="dialNumber" time="0.003" classname="calling.Skype.TestCase_CallingUserWithDialer">
    <skipped/>
  </testcase> <!-- dialNumber -->
  <testcase name="saveContact" time="0.002" classname="calling.Skype.TestCase_CallingUserWithDialer">
    <skipped/>
  </testcase> <!-- saveContact -->
  <testcase name="searchContact" time="0.001" classname="calling.Skype.TestCase_CallingUserWithDialer">
    <skipped/>
  </testcase> <!-- searchContact -->
  <testcase name="getNumberOfRecords" time="0.004" classname="calling.Skype.TestCase_CallingUserWithDialer">
    <skipped/>
  </testcase> <!-- getNumberOfRecords -->
  <testcase name="horizontalScroll" time="0.001" classname="calling.Skype.TestCase_CallingUserWithDialer">
    <skipped/>
  </testcase> <!-- horizontalScroll -->
  <testcase name="signout" time="0.002" classname="calling.Skype.TestCase_CallingUserWithDialer">
    <skipped/>
  </testcase> <!-- signout -->
  <testcase name="@BeforeTest setUp" time="0.0" classname="calling.Skype.BaseTestClass">
    <ignored/>
  </testcase> <!-- @BeforeTest setUp -->
</testsuite> <!-- Smoke Testcases -->
